<?xml version="1.0" encoding="UTF-8"?>
<!-- Generated by org.testng.reporters.JUnitReportReporter -->
<testsuite hostname="DESKTOP-27CVRKQ" failures="0" tests="1" name="Home_Module_Test.ToVerifyHomePageTest" time="56.076" errors="0" timestamp="2023-05-31T14:15:28 IST" skipped="0">
  <testcase classname="Home_Module_Test.ToVerifyHomePageTest" name="verifyhomepagetest" time="56.076"/>
  <system-out/>
</testsuite> <!-- Home_Module_Test.ToVerifyHomePageTest -->
